c:\users\macka_000\documents\visual studio 2013\projects\compprogbook\compprogbook\debug\vc120.pdb
c:\users\macka_000\documents\visual studio 2013\projects\compprogbook\compprogbook\debug\vc120.idb
c:\users\macka_000\documents\visual studio 2013\projects\compprogbook\compprogbook\debug\lifthopping.obj
c:\users\macka_000\documents\visual studio 2013\projects\compprogbook\compprogbook\debug\loansomecarbuyer.obj
c:\users\macka_000\documents\visual studio 2013\projects\compprogbook\compprogbook\debug\miceandmaze.obj
c:\users\macka_000\documents\visual studio 2013\projects\compprogbook\compprogbook\debug\network.obj
c:\users\macka_000\documents\visual studio 2013\projects\compprogbook\compprogbook\debug\numbermaze.obj
c:\users\macka_000\documents\visual studio 2013\projects\compprogbook\compprogbook\debug\oddsum.obj
c:\users\macka_000\documents\visual studio 2013\projects\compprogbook\compprogbook\debug\orderingtasks.obj
c:\users\macka_000\documents\visual studio 2013\projects\compprogbook\compprogbook\debug\pagehopping.obj
c:\users\macka_000\documents\visual studio 2013\projects\compprogbook\compprogbook\debug\placetheguards.obj
c:\users\macka_000\documents\visual studio 2013\projects\compprogbook\compprogbook\debug\primaryarithmetic.obj
c:\users\macka_000\documents\visual studio 2013\projects\compprogbook\compprogbook\debug\reverseandadd.obj
c:\users\macka_000\documents\visual studio 2013\projects\compprogbook\compprogbook\debug\sendingemail.obj
c:\users\macka_000\documents\visual studio 2013\projects\compprogbook\compprogbook\debug\solveit.obj
c:\users\macka_000\documents\visual studio 2013\projects\compprogbook\compprogbook\debug\p10370.obj
c:\users\macka_000\documents\visual studio 2013\projects\compprogbook\compprogbook\debug\spreadingthenews.obj
c:\users\macka_000\documents\visual studio 2013\projects\compprogbook\compprogbook\debug\sunnymountains.obj
c:\users\macka_000\documents\visual studio 2013\projects\compprogbook\compprogbook\debug\texquotes.obj
c:\users\macka_000\documents\visual studio 2013\projects\compprogbook\compprogbook\debug\thedecoder.obj
c:\users\macka_000\documents\visual studio 2013\projects\compprogbook\compprogbook\debug\wakingupbrain.obj
c:\users\macka_000\documents\visual studio 2013\projects\compprogbook\compprogbook\debug\wordtransformation.obj
c:\users\macka_000\documents\visual studio 2013\projects\compprogbook\compprogbook\debug\ancienttriangles.obj
c:\users\macka_000\documents\visual studio 2013\projects\compprogbook\compprogbook\debug\arbitrage.obj
c:\users\macka_000\documents\visual studio 2013\projects\compprogbook\compprogbook\debug\atest.obj
c:\users\macka_000\documents\visual studio 2013\projects\compprogbook\compprogbook\debug\audiophobia.obj
c:\users\macka_000\documents\visual studio 2013\projects\compprogbook\compprogbook\debug\audiophobia2.obj
c:\users\macka_000\documents\visual studio 2013\projects\compprogbook\compprogbook\debug\backtohighschoolphysics.obj
c:\users\macka_000\documents\visual studio 2013\projects\compprogbook\compprogbook\debug\battleships.obj
c:\users\macka_000\documents\visual studio 2013\projects\compprogbook\compprogbook\debug\continents.obj
c:\users\macka_000\documents\visual studio 2013\projects\compprogbook\compprogbook\debug\criticallinks.obj
c:\users\macka_000\documents\visual studio 2013\projects\compprogbook\compprogbook\debug\darkroads.obj
c:\users\macka_000\documents\visual studio 2013\projects\compprogbook\compprogbook\debug\eventplanning.obj
c:\users\macka_000\documents\visual studio 2013\projects\compprogbook\compprogbook\debug\exactchange.obj
c:\users\macka_000\documents\visual studio 2013\projects\compprogbook\compprogbook\debug\exactsum.obj
c:\users\macka_000\documents\visual studio 2013\projects\compprogbook\compprogbook\debug\hashmatthebravewarrior.obj
c:\users\macka_000\documents\visual studio 2013\projects\compprogbook\compprogbook\debug\horrordash.obj
c:\users\macka_000\documents\visual studio 2013\projects\compprogbook\compprogbook\debug\idcodes.obj
c:\users\macka_000\documents\visual studio 2013\projects\compprogbook\compprogbook\debug\internetbandwith.obj
c:\users\macka_000\documents\visual studio 2013\projects\compprogbook\compprogbook\debug\compprogbook.tlog\cl.command.1.tlog
c:\users\macka_000\documents\visual studio 2013\projects\compprogbook\compprogbook\debug\compprogbook.tlog\cl.read.1.tlog
c:\users\macka_000\documents\visual studio 2013\projects\compprogbook\compprogbook\debug\compprogbook.tlog\cl.write.1.tlog
c:\users\macka_000\documents\visual studio 2013\projects\compprogbook\compprogbook\debug\compprogbook.tlog\rc.command.1.tlog
c:\users\macka_000\documents\visual studio 2013\projects\compprogbook\compprogbook\debug\compprogbook.tlog\rc.read.1.tlog
c:\users\macka_000\documents\visual studio 2013\projects\compprogbook\compprogbook\debug\compprogbook.tlog\rc.write.1.tlog
