Build started 5/24/2015 5:39:40 PM.
     1>Project "C:\Users\macka_000\documents\visual studio 2013\Projects\CompProgBook\CompProgBook\CompProgBook.vcxproj" on node 2 (Build target(s)).
     1>ClCompile:
         C:\Program Files (x86)\Microsoft Visual Studio 12.0\VC\bin\CL.exe /c /ZI /nologo /W3 /WX- /sdl /Od /Oy- /D WIN32 /D _DEBUG /D _CONSOLE /D _LIB /D _CRT_SECURE_NO_WARNINGS /D _UNICODE /D UNICODE /Gm /EHsc /RTC1 /MDd /GS /fp:precise /Zc:wchar_t /Zc:forScope /Fo"Debug\\" /Fd"Debug\vc120.pdb" /Gd /TP /analyze- /errorReport:prompt SoftwareAllocation\SoftwareAllocation.cpp
         SoftwareAllocation.cpp
     1>c:\users\macka_000\documents\visual studio 2013\projects\compprogbook\compprogbook\softwareallocation\softwareallocation.cpp(124): warning C4018: '<' : signed/unsigned mismatch
       Link:
         C:\Program Files (x86)\Microsoft Visual Studio 12.0\VC\bin\link.exe /ERRORREPORT:PROMPT /OUT:"C:\Users\macka_000\documents\visual studio 2013\Projects\CompProgBook\Debug\CompProgBook.exe" /INCREMENTAL /NOLOGO kernel32.lib user32.lib gdi32.lib winspool.lib comdlg32.lib advapi32.lib shell32.lib ole32.lib oleaut32.lib uuid.lib odbc32.lib odbccp32.lib /MANIFEST /MANIFESTUAC:"level='asInvoker' uiAccess='false'" /manifest:embed /DEBUG /PDB:"C:\Users\macka_000\documents\visual studio 2013\Projects\CompProgBook\Debug\CompProgBook.pdb" /SUBSYSTEM:CONSOLE /TLBID:1 /DYNAMICBASE /NXCOMPAT /IMPLIB:"C:\Users\macka_000\documents\visual studio 2013\Projects\CompProgBook\Debug\CompProgBook.lib" /MACHINE:X86 Debug\CompProgBook.res
         Debug\AncientTriangles.obj
         Debug\Arbitrage.obj
         Debug\ATest.obj
         Debug\Audiophobia.obj
         Debug\Audiophobia2.obj
         Debug\Babel.obj
         Debug\BackToHighSchoolPhysics.obj
         Debug\Battleships.obj
         Debug\Continents.obj
         Debug\CriticalLinks.obj
         Debug\DarkRoads.obj
         Debug\EcologicalBinPacking.obj
         Debug\EcologicalPremium.obj
         Debug\EventPlanning.obj
         Debug\ExactChange.obj
         Debug\ExactSum.obj
         Debug\HashMatTheBraveWarrior.obj
         Debug\HorrorDash.obj
         Debug\IDCodes.obj
         Debug\InternetBandwith.obj
         Debug\LiftHopping.obj
         Debug\LoansomeCarBuyer.obj
         Debug\MarvelousMazes.obj
         Debug\MiceAndMaze.obj
         Debug\Network.obj
         Debug\NumberMaze.obj
         Debug\OddSum.obj
         Debug\OrderingTasks.obj
         Debug\PageHopping.obj
         Debug\PlaceTheGuards.obj
         Debug\PrimaryArithmetic.obj
         Debug\ReverseAndAdd.obj
         Debug\SendingEmail.obj
         Debug\SoftwareAllocation.obj
         Debug\SolveIt.obj
         Debug\p10370.obj
         Debug\Source.obj
         Debug\SpreadingTheNews.obj
         Debug\TexQuotes.obj
         Debug\TheDecoder.obj
         Debug\TrainSwapping.obj
         Debug\WakingUpBrain.obj
         Debug\WhatIsTheMedian.obj
         Debug\WordTransformation.obj
         CompProgBook.vcxproj -> C:\Users\macka_000\documents\visual studio 2013\Projects\CompProgBook\Debug\CompProgBook.exe
     1>Done Building Project "C:\Users\macka_000\documents\visual studio 2013\Projects\CompProgBook\CompProgBook\CompProgBook.vcxproj" (Build target(s)).

Build succeeded.

Time Elapsed 00:00:01.04
